2021-12-22 22:54:25 — Home page opened
2021-12-22 22:55:35 — Home page opened
2021-12-22 22:56:15 — Home page opened
2021-12-22 22:56:15 — Home page initialized
2021-12-22 22:56:48 — Home page opened
2021-12-22 22:56:48 — Home page initialized
2021-12-22 22:57:40 — Home page opened
2021-12-22 22:57:40 — Home page initialized
2021-12-22 23:00:30 — Home page opened
2021-12-22 23:00:30 — Home page initialized
2021-12-22 23:57:45 — Home page opened
2021-12-22 23:57:45 — Home page initialized
2021-12-22 23:57:53 — Home page opened
2021-12-22 23:58:45 — Home page opened
2021-12-22 23:58:45 — Home page initialized
2021-12-22 23:58:50 — Home page opened
2021-12-23 00:03:05 — Home page opened
2021-12-23 00:03:05 — Home page initialized
2021-12-23 00:03:11 — Home page opened
2021-12-23 00:04:31 — Home page opened
2021-12-23 00:04:31 — Home page initialized
2021-12-23 00:04:35 — Home page opened
2021-12-23 00:05:58 — Home page opened
2021-12-23 00:05:58 — Home page initialized
2021-12-23 00:06:03 — Home page opened
2021-12-23 00:06:38 — Home page opened
2021-12-23 00:06:38 — Home page initialized
2021-12-23 00:06:43 — Home page opened
2021-12-23 00:08:49 — Home page opened
2021-12-23 00:08:49 — Home page initialized
2021-12-23 00:08:53 — Home page opened
2021-12-23 00:11:48 — Home page opened
2021-12-23 00:11:48 — Home page initialized
2021-12-23 00:11:48 — Home page opened
2021-12-23 00:12:22 — Home page opened
2021-12-23 00:12:22 — Home page initialized
2021-12-23 00:12:22 — Home page opened
2021-12-23 00:13:32 — Home page opened
2021-12-23 00:13:32 — Home page initialized
2021-12-23 00:13:32 — Home page opened
2021-12-23 00:15:34 — Home page opened
2021-12-23 00:15:34 — Home page initialized
2021-12-23 00:21:27 — Home page opened
2021-12-23 00:21:27 — Home page initialized
2021-12-23 00:21:34 — Home page opened
2021-12-23 00:21:36 — entered
2021-12-23 00:21:36 — clicked
2021-12-23 00:27:35 — Home page opened
2021-12-23 00:27:35 — Home page initialized
2021-12-23 00:27:39 — Home page opened
2021-12-23 00:27:40 — entered
2021-12-23 00:27:40 — clicked
2021-12-23 00:28:05 — Home page opened
2021-12-23 00:28:05 — Home page initialized
2021-12-23 00:28:09 — Home page opened
2021-12-23 00:28:10 — entered
2021-12-23 00:28:10 — clicked
2021-12-23 01:08:35 — Home page opened
2021-12-23 01:08:35 — Home page initialized
2021-12-23 01:08:42 — Home page opened
2021-12-23 01:08:43 — pop up displayed
2021-12-23 01:12:28 — Home page opened
2021-12-23 01:12:28 — Home page initialized
2021-12-23 01:12:33 — Home page opened
2021-12-23 01:12:34 — pop up displayed
2021-12-23 01:12:36 — Home page opened
2021-12-23 01:14:47 — Home page opened
2021-12-23 01:14:47 — Home page initialized
2021-12-23 01:14:51 — Home page opened
2021-12-23 01:14:53 — pop up displayed
2021-12-23 01:15:25 — Home page opened
2021-12-23 01:15:25 — Home page initialized
2021-12-23 01:15:29 — Home page opened
2021-12-23 01:15:31 — pop up displayed
2021-12-23 01:15:33 — Home page opened
2021-12-23 01:18:00 — Home page opened
2021-12-23 01:18:00 — Home page initialized
2021-12-23 01:18:04 — Home page opened
2021-12-23 01:18:05 — pop up displayed
2021-12-23 01:18:07 — Home page opened
2021-12-23 01:18:38 — Home page opened
2021-12-23 01:18:38 — Home page initialized
2021-12-23 01:18:42 — Home page opened
2021-12-23 01:18:44 — pop up displayed
2021-12-23 01:18:45 — Home page opened
2021-12-23 01:19:11 — Home page opened
2021-12-23 01:19:11 — Home page initialized
2021-12-23 01:19:16 — Home page opened
2021-12-23 01:19:17 — pop up displayed
2021-12-23 01:19:19 — Home page opened
2021-12-23 01:20:15 — Home page opened
2021-12-23 01:20:15 — Home page initialized
2021-12-23 01:20:20 — Home page opened
2021-12-23 01:20:21 — pop up displayed
2021-12-23 01:20:25 — Home page opened
2021-12-23 01:22:39 — Home page opened
2021-12-23 01:22:39 — Home page initialized
2021-12-23 01:22:44 — Home page opened
2021-12-23 01:22:45 — pop up displayed
2021-12-23 01:23:18 — Home page opened
2021-12-23 01:23:18 — Home page initialized
2021-12-23 01:23:22 — Home page opened
2021-12-23 01:23:23 — pop up displayed
2021-12-23 01:23:25 — Home page opened
2021-12-23 01:23:29 — destination entered
2021-12-23 01:23:29 — form filled
2021-12-23 01:23:29 — Hotels search form sent
2021-12-23 01:23:29 — Bookings page initialized
2021-12-23 01:24:46 — Home page opened
2021-12-23 01:24:46 — Home page initialized
2021-12-23 01:24:51 — Home page opened
2021-12-23 01:24:52 — pop up displayed
2021-12-23 01:24:53 — Home page opened
2021-12-23 01:24:57 — destination entered
2021-12-23 01:24:57 — form filled
2021-12-23 01:24:57 — Hotels search form sent
2021-12-23 01:24:57 — Bookings page initialized
2021-12-23 01:29:01 — Home page opened
2021-12-23 01:29:01 — Home page initialized
2021-12-23 01:29:05 — Home page opened
2021-12-23 01:29:06 — pop up displayed
2021-12-23 01:29:07 — Home page opened
2021-12-23 01:29:12 — destination entered
2021-12-23 01:29:12 — form filled
2021-12-23 01:29:12 — Hotels search form sent
2021-12-23 01:29:12 — open
2021-12-23 01:29:12 — Bookings page initialized
2021-12-23 01:30:41 — Home page opened
2021-12-23 01:30:41 — Home page initialized
2021-12-23 01:30:44 — Home page opened
2021-12-23 01:30:45 — pop up displayed
2021-12-23 01:30:46 — Home page opened
2021-12-23 01:30:50 — destination entered
2021-12-23 01:30:50 — form filled
2021-12-23 01:30:50 — Hotels search form sent
2021-12-23 01:30:50 — open
2021-12-23 01:30:50 — Bookings page initialized
2021-12-23 01:51:14 — Home page opened
2021-12-23 01:51:14 — Home page initialized
2021-12-23 01:51:19 — Home page opened
2021-12-23 01:51:20 — pop up displayed
2021-12-23 01:51:23 — Home page opened
2021-12-23 01:51:26 — destination entered
2021-12-23 01:51:26 — form filled
2021-12-23 01:51:26 — Hotels search form sent
2021-12-23 01:51:26 — open
2021-12-23 01:51:26 — Bookings page initialized
2021-12-23 01:52:55 — Home page opened
2021-12-23 01:52:55 — Home page initialized
2021-12-23 01:53:00 — Home page opened
2021-12-23 01:53:01 — pop up displayed
2021-12-23 01:53:05 — Home page opened
2021-12-23 01:53:09 — destination entered
2021-12-23 01:53:09 — form filled
2021-12-23 01:53:09 — Hotels search form sent
2021-12-23 01:53:09 — open
2021-12-23 01:53:09 — Bookings page initialized
2021-12-23 01:54:29 — Home page opened
2021-12-23 01:54:33 — destination entered
2021-12-23 01:54:33 — form filled
2021-12-23 01:54:33 — Hotels search form sent
2021-12-23 01:54:33 — open
2021-12-23 01:54:33 — Bookings page initialized
2021-12-23 01:56:22 — Home page opened
2021-12-23 01:56:26 — destination entered
2021-12-23 01:56:26 — form filled
2021-12-23 01:56:26 — Hotels search form sent
2021-12-23 01:56:26 — open
2021-12-23 01:56:26 — Bookings page initialized
2021-12-23 01:57:31 — Home page opened
2021-12-23 01:57:33 — destination entered
2021-12-23 01:57:33 — form filled
2021-12-23 01:57:33 — Hotels search form sent
2021-12-23 01:57:33 — open
2021-12-23 01:57:33 — Bookings page initialized
2021-12-23 02:00:01 — Home page opened
2021-12-23 02:00:01 — Home page initialized
2021-12-23 02:00:07 — Home page opened
2021-12-23 02:00:10 — pop up displayed
2021-12-23 02:00:15 — Home page opened
2021-12-23 02:00:19 — destination entered
2021-12-23 02:00:19 — form filled
2021-12-23 02:00:19 — Hotels search form sent
2021-12-23 02:00:19 — open
2021-12-23 02:00:19 — Bookings page initialized
2021-12-23 02:00:43 — Home page opened
2021-12-23 02:00:43 — Home page initialized
2021-12-23 02:00:48 — Home page opened
2021-12-23 02:00:49 — pop up displayed
2021-12-23 02:00:52 — Home page opened
2021-12-23 02:00:56 — destination entered
2021-12-23 02:00:56 — form filled
2021-12-23 02:00:56 — Hotels search form sent
2021-12-23 02:00:56 — open
2021-12-23 02:00:56 — Bookings page initialized
2021-12-23 02:02:37 — Home page opened
2021-12-23 02:02:37 — Home page initialized
2021-12-23 02:02:40 — Home page opened
2021-12-23 02:02:42 — pop up displayed
2021-12-23 02:02:46 — Home page opened
2021-12-23 02:02:48 — destination entered
2021-12-23 02:02:48 — form filled
2021-12-23 02:02:48 — Hotels search form sent
2021-12-23 02:02:48 — open
2021-12-23 02:02:48 — Bookings page initialized
2021-12-23 02:07:25 — Home page opened
2021-12-23 02:07:25 — Home page initialized
2021-12-23 02:07:30 — Home page opened
2021-12-23 02:07:32 — pop up displayed
2021-12-23 02:07:38 — Home page opened
2021-12-23 02:07:46 — destination entered
2021-12-23 02:07:46 — form filled
2021-12-23 02:07:46 — Hotels search form sent
2021-12-23 02:07:46 — open
2021-12-23 02:07:46 — Bookings page initialized
2021-12-23 02:10:11 — Home page opened
2021-12-23 02:10:11 — Home page initialized
2021-12-23 02:10:15 — Home page opened
2021-12-23 02:10:17 — pop up displayed
2021-12-23 02:10:19 — Home page opened
2021-12-23 02:10:22 — destination entered
2021-12-23 02:10:22 — form filled
2021-12-23 02:10:22 — Hotels search form sent
2021-12-23 02:10:22 — open
2021-12-23 02:10:22 — Bookings page initialized
2021-12-23 02:11:46 — Home page opened
2021-12-23 02:11:46 — Home page initialized
2021-12-23 02:11:48 — Home page opened
2021-12-23 02:11:51 — pop up displayed
2021-12-23 02:11:52 — Home page opened
2021-12-23 02:11:56 — destination entered
2021-12-23 02:11:56 — form filled
2021-12-23 02:11:56 — Hotels search form sent
2021-12-23 02:11:56 — open
2021-12-23 02:11:56 — Bookings page initialized
2021-12-23 07:39:42 — Home page opened
2021-12-23 07:39:42 — Home page initialized
2021-12-23 07:39:47 — Home page opened
2021-12-23 07:39:50 — pop up displayed
2021-12-23 07:39:53 — Home page opened
2021-12-23 07:39:58 — destination entered
2021-12-23 07:39:58 — form filled
2021-12-23 07:39:58 — Hotels search form sent
2021-12-23 07:39:58 — open
2021-12-23 07:39:58 — Bookings page initialized
2021-12-23 07:41:43 — Home page opened
2021-12-23 07:41:43 — Home page initialized
2021-12-23 07:41:46 — Home page opened
2021-12-23 07:41:47 — pop up displayed
2021-12-23 07:41:48 — Home page opened
2021-12-23 07:41:51 — destination entered
2021-12-23 07:41:51 — form filled
2021-12-23 07:41:51 — Hotels search form sent
2021-12-23 07:41:51 — open
2021-12-23 07:41:51 — Bookings page initialized
2021-12-23 07:45:31 — Home page opened
2021-12-23 07:45:35 — destination entered
2021-12-23 07:45:35 — 
2021-12-23 07:45:35 — Hotels search form sent
2021-12-23 07:45:35 — open
2021-12-23 07:45:35 — Bookings page initialized
2021-12-23 07:46:57 — Home page opened
2021-12-23 07:47:00 — destination entered
2021-12-23 07:47:00 — form filled
2021-12-23 07:47:00 — Hotels search form sent
2021-12-23 07:47:00 — open
2021-12-23 07:47:00 — Bookings page initialized
2021-12-23 07:49:50 — Home page opened
2021-12-23 07:49:52 — Hotels search form sent
2021-12-23 07:49:52 — open
2021-12-23 07:49:52 — Bookings page initialized
2021-12-23 07:58:04 — Home page opened
2021-12-23 07:58:04 — Home page initialized
2021-12-23 07:58:10 — Home page opened
2021-12-23 07:58:11 — pop up displayed
2021-12-23 07:58:13 — Home page opened
2021-12-23 07:58:16 — Hotels search form sent
2021-12-23 07:58:16 — open
2021-12-23 07:58:16 — Experiences page initialized
2021-12-23 08:24:26 — Home page opened
2021-12-23 08:24:26 — Home page initialized
2021-12-23 08:24:32 — Home page opened
2021-12-23 08:24:33 — pop up displayed
2021-12-23 08:24:34 — Home page opened
2021-12-23 08:24:37 — Hotels search form sent
2021-12-23 08:24:37 — open
2021-12-23 08:24:37 — Experiences page initialized
2021-12-23 08:25:41 — Bookings page initialized
2021-12-23 08:25:41 — Home page opened
2021-12-23 08:25:41 — Home page initialized
2021-12-23 08:25:44 — Home page opened
2021-12-23 08:25:46 — pop up displayed
2021-12-23 08:25:50 — Home page opened
2021-12-23 08:25:53 — Hotels search form sent
2021-12-23 08:25:53 — open
2021-12-23 08:25:53 — Experiences page initialized
2021-12-23 08:39:24 — Bookings page initialized
2021-12-23 08:39:24 — Home page opened
2021-12-23 08:39:24 — Home page initialized
2021-12-23 08:39:31 — Home page opened
2021-12-23 08:39:33 — pop up displayed
2021-12-23 08:39:34 — Home page opened
2021-12-23 08:39:39 — Hotels search form sent
2021-12-23 08:39:39 — open
2021-12-23 08:39:39 — Experiences page initialized
2021-12-23 08:57:30 — Home page opened
2021-12-23 08:57:30 — Home page initialized
2021-12-23 08:57:34 — Home page opened
2021-12-23 08:57:35 — pop up displayed
2021-12-23 08:57:37 — Home page opened
2021-12-23 08:57:41 — Hotels search form sent
2021-12-23 08:57:41 — open
2021-12-23 08:57:41 — Experiences page initialized
2021-12-23 08:58:18 — Home page opened
2021-12-23 08:58:18 — Home page initialized
2021-12-23 08:58:18 — Bookings page initialized
2021-12-23 08:58:22 — Home page opened
2021-12-23 08:58:23 — pop up displayed
2021-12-23 08:58:28 — Home page opened
2021-12-23 08:58:33 — Hotels search form sent
2021-12-23 08:58:33 — open
2021-12-23 08:58:33 — Experiences page initialized
2021-12-23 08:59:20 — Home page opened
2021-12-23 08:59:20 — Home page initialized
2021-12-23 08:59:20 — Bookings page initialized
2021-12-23 08:59:25 — Home page opened
2021-12-23 08:59:26 — pop up displayed
2021-12-23 08:59:28 — Home page opened
2021-12-23 08:59:33 — Hotels search form sent
2021-12-23 08:59:33 — open
2021-12-23 08:59:33 — Experiences page initialized
2021-12-23 09:01:48 — Bookings page initialized
2021-12-23 09:03:18 — Bookings page initialized
2021-12-23 09:04:07 — Bookings page initialized
2021-12-23 09:04:48 — Bookings page initialized
2021-12-23 09:06:09 — Bookings page initialized
2021-12-23 09:06:20 — 2000
2021-12-23 09:06:20 — 10000
2021-12-23 09:07:25 — Bookings page initialized
2021-12-23 09:07:36 — 2000
2021-12-23 09:07:36 — 10000
2021-12-23 09:10:48 — Bookings page initialized
2021-12-23 09:10:59 — 2000
2021-12-23 09:10:59 — 10000
2021-12-23 09:12:25 — Bookings page initialized
2021-12-23 09:12:32 — 2000
2021-12-23 09:12:32 — 10000
2021-12-23 09:12:45 — Bookings page initialized
2021-12-23 09:12:55 — 2000
2021-12-23 09:12:55 — 10000
2021-12-23 09:14:04 — Bookings page initialized
2021-12-23 09:14:11 — 2000
2021-12-23 09:14:11 — 10000
2021-12-23 09:16:28 — Bookings page initialized
2021-12-23 09:16:38 — 2000
2021-12-23 09:16:38 — 10000
2021-12-23 09:17:04 — Bookings page initialized
2021-12-23 09:17:17 — 50000
2021-12-23 09:17:17 — 70000
2021-12-23 09:24:00 — Bookings page initialized
2021-12-23 09:24:10 — 50000
2021-12-23 09:24:10 — 70000
2021-12-23 09:24:29 — Bookings page initialized
2021-12-23 09:24:41 — 50000
2021-12-23 09:24:41 — 70000
2021-12-23 09:25:15 — Bookings page initialized
2021-12-23 09:25:28 — 50000
2021-12-23 09:25:28 — 70000
2021-12-23 09:26:36 — Bookings page initialized
2021-12-23 09:26:48 — 50000
2021-12-23 09:26:48 — 70000
2021-12-23 09:27:22 — Bookings page initialized
2021-12-23 09:27:32 — 50000
2021-12-23 09:27:32 — 70000
2021-12-23 09:28:22 — Bookings page initialized
2021-12-23 09:28:33 — clicked
2021-12-23 09:28:33 — 50000
2021-12-23 09:28:33 — 70000
2021-12-23 09:28:33 — filled
2021-12-23 09:28:33 — saved
2021-12-23 09:30:03 — Bookings page initialized
2021-12-23 09:30:12 — clicked
2021-12-23 09:30:12 — 50000
2021-12-23 09:30:12 — 70000
2021-12-23 09:30:12 — filled
2021-12-23 09:30:12 — saved
2021-12-23 09:33:50 — Bookings page initialized
2021-12-23 09:33:58 — clicked
2021-12-23 09:33:58 — 50000
2021-12-23 09:33:58 — 70000
2021-12-23 09:33:59 — filled
2021-12-23 09:33:59 — saved
2021-12-23 09:35:53 — Bookings page initialized
2021-12-23 09:36:02 — clicked
2021-12-23 09:36:02 — 50000
2021-12-23 09:36:02 — 70000
2021-12-23 09:36:02 — filled
2021-12-23 09:36:02 — saved
2021-12-23 09:42:10 — Bookings page initialized
2021-12-23 09:42:20 — clicked
2021-12-23 09:42:20 — 50000
2021-12-23 09:42:20 — 70000
2021-12-23 09:42:20 — filled
2021-12-23 09:44:36 — Bookings page initialized
2021-12-23 09:44:43 — clicked
2021-12-23 09:44:43 — 50000
2021-12-23 09:44:43 — 70000
2021-12-23 09:44:44 — filled
2021-12-23 09:45:02 — Bookings page initialized
2021-12-23 09:45:10 — clicked
2021-12-23 09:45:10 — 50000
2021-12-23 09:45:10 — 70000
2021-12-23 09:45:11 — filled
2021-12-23 09:45:11 — saved
2021-12-23 09:46:12 — Bookings page initialized
2021-12-23 09:46:22 — clicked
2021-12-23 09:46:22 — 50000
2021-12-23 09:46:22 — 70000
2021-12-23 09:46:23 — filled
2021-12-23 09:46:23 — saved
2021-12-23 09:49:00 — Bookings page initialized
2021-12-23 09:49:11 — clicked
2021-12-23 09:49:11 — 50000
2021-12-23 09:49:11 — 70000
2021-12-23 09:49:11 — filled
2021-12-23 09:49:38 — Bookings page initialized
2021-12-23 09:50:10 — Bookings page initialized
2021-12-23 09:50:18 — clicked
2021-12-23 09:50:18 — 50000
2021-12-23 09:50:18 — 70000
2021-12-23 09:50:19 — filled
2021-12-23 09:50:20 — saved
2021-12-23 09:51:09 — Bookings page initialized
2021-12-23 09:51:17 — clicked
2021-12-23 09:51:17 — 50000
2021-12-23 09:51:17 — 70000
2021-12-23 09:51:17 — filled
2021-12-23 09:51:18 — saved
2021-12-23 09:53:29 — Bookings page initialized
2021-12-23 09:53:36 — clicked
2021-12-23 09:53:36 — 50000
2021-12-23 09:53:36 — 70000
2021-12-23 09:53:37 — filled
2021-12-23 09:53:37 — saved
2021-12-23 10:02:47 — Bookings page initialized
2021-12-23 10:02:54 — clicked
2021-12-23 10:02:54 — 50000
2021-12-23 10:02:54 — 70000
2021-12-23 10:02:55 — filled
2021-12-23 10:02:55 — saved
2021-12-23 10:04:13 — Bookings page initialized
2021-12-23 10:04:20 — clicked
2021-12-23 10:04:20 — 50000
2021-12-23 10:04:20 — 70000
2021-12-23 10:04:21 — filled
2021-12-23 10:04:21 — saved
2021-12-23 10:06:56 — Bookings page initialized
2021-12-23 10:07:03 — clicked
2021-12-23 10:07:04 — 50000
2021-12-23 10:07:04 — 70000
2021-12-23 10:07:04 — filled
2021-12-23 10:07:05 — saved
2021-12-23 10:13:10 — Bookings page initialized
2021-12-23 10:13:18 — clicked
2021-12-23 10:13:18 — 50000
2021-12-23 10:13:18 — 70000
2021-12-23 10:13:19 — filled
2021-12-23 10:13:19 — saved
2021-12-23 10:20:54 — Bookings page initialized
2021-12-23 10:21:22 — Bookings page initialized
2021-12-23 10:21:48 — Bookings page initialized
2021-12-23 10:24:18 — Bookings page initialized
2021-12-23 10:37:02 — Bookings page initialized
2021-12-23 10:37:17 — clicked
2021-12-23 10:37:17 — 50000
2021-12-23 10:37:17 — 70000
2021-12-23 10:37:18 — filled
2021-12-23 10:37:42 — Bookings page initialized
2021-12-23 10:37:54 — clicked
2021-12-23 10:37:54 — 50000
2021-12-23 10:37:54 — 70000
2021-12-23 10:37:55 — filled
2021-12-23 10:39:45 — Bookings page initialized
2021-12-23 10:39:56 — clicked
2021-12-23 10:39:56 — 50000
2021-12-23 10:39:56 — 70000
2021-12-23 10:39:57 — filled
2021-12-23 10:40:50 — Bookings page initialized
2021-12-23 10:41:04 — clicked
2021-12-23 10:41:04 — 50000
2021-12-23 10:41:04 — 70000
2021-12-23 10:41:04 — filled
2021-12-23 10:42:04 — Bookings page initialized
2021-12-23 10:42:16 — clicked
2021-12-23 10:42:16 — 50000
2021-12-23 10:42:16 — 70000
2021-12-23 10:42:17 — filled
2021-12-23 10:46:44 — Bookings page initialized
2021-12-23 10:46:55 — clicked
2021-12-23 10:46:55 — 740
2021-12-23 10:46:55 — 50000+
2021-12-23 10:46:56 — filled
2021-12-23 10:47:08 — Bookings page initialized
2021-12-23 10:47:19 — clicked
2021-12-23 10:47:19 — 740
2021-12-23 10:47:19 — 50000+
2021-12-23 10:47:20 — filled
2021-12-23 10:58:11 — Home page opened
2021-12-23 10:58:11 — Home page initialized
2021-12-23 10:58:16 — Home page opened
2021-12-23 10:58:19 — pop up displayed
2021-12-23 10:58:22 — Home page opened
2021-12-23 10:58:30 — Hotels search form sent
2021-12-23 10:58:30 — open
2021-12-23 10:58:30 — Experiences page initialized
2021-12-23 11:01:27 — Home page opened
2021-12-23 11:01:28 — Home page initialized
2021-12-23 11:01:32 — Home page opened
2021-12-23 11:01:33 — pop up displayed
2021-12-23 11:01:34 — Home page opened
2021-12-23 11:01:39 — Hotels search form sent
2021-12-23 11:01:39 — open
2021-12-23 11:01:39 — Experiences page initialized
2021-12-23 11:43:43 — Home page opened
2021-12-23 11:43:43 — Home page initialized
2021-12-23 11:43:50 — Home page opened
2021-12-23 11:43:54 — pop up displayed
2021-12-23 11:43:59 — Home page opened
2021-12-23 11:44:03 — Hotels search form sent
2021-12-23 11:44:03 — open
2021-12-23 11:44:03 — Experiences page initialized
2021-12-23 12:09:10 — Home page opened
2021-12-23 12:09:10 — Home page initialized
2021-12-23 12:09:19 — Home page opened
2021-12-23 12:09:20 — pop up displayed
2021-12-23 12:09:23 — Home page opened
2021-12-23 12:09:27 — Hotels search form sent
2021-12-23 12:09:27 — open
2021-12-23 12:09:27 — Experiences page initialized
2021-12-23 12:31:07 — Home page opened
2021-12-23 12:31:06 — Home page opened
2021-12-23 12:31:07 — Home page initialized
2021-12-23 12:31:07 — Home page initialized
2021-12-23 12:31:10 — Home page opened
2021-12-23 12:31:11 — Home page opened
2021-12-23 12:31:12 — pop up displayed
2021-12-23 12:31:16 — like button clicked
2021-12-23 12:31:17 — Home page opened
2021-12-23 12:31:19 — Home page opened
2021-12-23 12:31:23 — Hotels search form sent
2021-12-23 12:31:23 — open
2021-12-23 12:31:23 — Experiences page initialized
2021-12-23 12:31:23 — price filter was cleared
2021-12-23 12:31:56 — Home page opened
2021-12-23 12:31:56 — Home page initialized
2021-12-23 12:31:56 — Home page opened
2021-12-23 12:31:56 — Home page initialized
2021-12-23 12:32:00 — Home page opened
2021-12-23 12:32:01 — Home page opened
2021-12-23 12:32:05 — like button clicked
2021-12-23 12:32:06 — Home page opened
2021-12-23 12:32:06 — Home page opened
2021-12-23 12:32:10 — price filter was cleared
2021-12-23 12:32:11 — Hotels search form sent
2021-12-23 12:32:11 — open
2021-12-23 12:32:11 — Experiences page initialized
2021-12-23 12:32:32 — Home page opened
2021-12-23 12:32:32 — Home page initialized
2021-12-23 12:32:32 — Home page opened
2021-12-23 12:32:32 — Home page initialized
2021-12-23 12:32:38 — Home page opened
2021-12-23 12:32:38 — Home page opened
2021-12-23 12:32:39 — pop up displayed
2021-12-23 12:32:41 — Home page opened
2021-12-23 12:32:43 — like button clicked
2021-12-23 12:32:44 — Home page opened
2021-12-23 12:32:46 — Hotels search form sent
2021-12-23 12:32:46 — open
2021-12-23 12:32:46 — Experiences page initialized
2021-12-23 12:32:48 — price filter was cleared
2021-12-26 18:24:08 — Home page opened
2021-12-26 18:24:08 — Home page initialized
2021-12-26 18:24:14 — Home page opened
2021-12-26 18:24:18 — like button clicked
2021-12-26 18:24:19 — Home page opened
2021-12-26 18:24:24 — price filter was cleared
2021-12-26 18:29:01 — Home page opened
2021-12-26 18:29:01 — Home page initialized
2021-12-26 18:29:05 — Home page opened
2021-12-26 18:29:09 — like button clicked
2021-12-26 18:29:10 — Home page opened
2021-12-26 18:29:15 — price filter was cleared
2021-12-26 18:36:11 — Home page opened
2021-12-26 18:36:11 — Home page initialized
2021-12-26 18:36:17 — Home page opened
2021-12-26 18:36:21 — like button clicked
2021-12-26 18:36:22 — Home page opened
2021-12-26 18:36:27 — price filter was cleared
2021-12-26 18:40:22 — Home page opened
2021-12-26 18:40:22 — Home page initialized
2021-12-26 18:40:24 — Home page opened
2021-12-26 18:40:28 — like button clicked
2021-12-26 18:40:30 — Home page opened
2021-12-26 18:40:34 — price filter was cleared
2021-12-26 18:47:30 — Home page opened
2021-12-26 18:47:31 — Home page initialized
2021-12-26 18:47:31 — Home page opened
2021-12-26 18:47:31 — Home page initialized
2021-12-26 18:47:34 — Home page opened
2021-12-26 18:47:35 — Home page opened
2021-12-26 18:47:38 — like button clicked
2021-12-26 18:47:40 — Home page opened
2021-12-26 18:47:45 — price filter was cleared
2021-12-26 18:48:01 — Home page opened
2021-12-26 18:56:10 — Home page opened
2021-12-26 18:56:10 — Home page initialized
2021-12-26 18:56:10 — Home page opened
2021-12-26 18:56:10 — Home page initialized
2021-12-26 18:56:15 — Home page opened
2021-12-26 18:56:15 — Home page opened
2021-12-26 18:56:19 — like button clicked
2021-12-26 18:56:20 — Home page opened
2021-12-26 18:56:25 — price filter was cleared
2021-12-26 18:56:42 — Home page opened
2021-12-26 19:02:51 — Home page opened
2021-12-26 19:02:51 — Home page initialized
2021-12-26 19:02:51 — Home page opened
2021-12-26 19:02:51 — Home page initialized
2021-12-26 19:03:16 — Home page opened
2021-12-26 19:03:16 — Home page opened
2021-12-26 19:03:41 — Home page opened
2021-12-26 19:03:42 — Home page opened
2021-12-26 19:04:38 — Home page opened
2021-12-26 19:04:38 — Home page initialized
2021-12-26 19:04:38 — Home page opened
2021-12-26 19:04:38 — Home page initialized
2021-12-26 19:04:43 — Home page opened
2021-12-26 19:04:44 — Home page opened
2021-12-26 19:04:51 — like button clicked
2021-12-26 19:04:54 — Home page opened
2021-12-26 19:05:02 — price filter was cleared
2021-12-26 19:05:09 — Home page opened
2021-12-26 19:05:40 — Home page opened
2021-12-26 19:05:40 — Home page initialized
2021-12-26 19:05:40 — Home page opened
2021-12-26 19:05:40 — Home page initialized
2021-12-26 19:05:45 — Home page opened
2021-12-26 19:05:47 — Home page opened
2021-12-26 19:05:51 — like button clicked
2021-12-26 19:06:01 — Home page opened
2021-12-26 19:06:11 — Home page opened
2021-12-26 19:06:14 — price filter was cleared
2021-12-26 19:10:46 — Home page opened
2021-12-26 19:10:47 — Home page initialized
2021-12-26 19:10:47 — Home page opened
2021-12-26 19:10:47 — Home page initialized
2021-12-26 19:10:50 — Home page opened
2021-12-26 19:10:50 — Home page opened
2021-12-26 19:10:54 — like button clicked
2021-12-26 19:10:55 — Home page opened
2021-12-26 19:11:01 — price filter was cleared
2021-12-26 19:11:17 — Home page opened
2021-12-26 19:13:11 — Home page opened
2021-12-26 19:13:11 — Home page initialized
2021-12-26 19:13:11 — Home page opened
2021-12-26 19:13:11 — Home page initialized
2021-12-26 19:13:16 — Home page opened
2021-12-26 19:13:17 — Home page opened
2021-12-26 19:13:21 — like button clicked
2021-12-26 19:13:24 — Home page opened
2021-12-26 19:13:30 — price filter was cleared
2021-12-26 19:13:43 — Home page opened
2021-12-26 19:16:17 — Home page opened
2021-12-26 19:16:17 — Home page initialized
2021-12-26 19:16:17 — Home page opened
2021-12-26 19:16:17 — Home page initialized
2021-12-26 19:16:21 — Home page opened
2021-12-26 19:16:42 — Home page opened
2021-12-26 19:16:48 — Home page opened
2021-12-26 19:16:56 — like button clicked
2021-12-26 19:16:59 — Home page opened
2021-12-26 19:36:25 — Home page opened
2021-12-26 19:36:25 — Home page initialized
2021-12-26 19:36:25 — Home page opened
2021-12-26 19:36:25 — Home page initialized
2021-12-26 19:36:32 — Home page opened
2021-12-26 19:36:32 — Home page opened
2021-12-26 19:36:36 — like button clicked
2021-12-26 19:36:38 — Home page opened
2021-12-26 19:36:43 — price filter was cleared
2021-12-26 19:36:58 — Home page opened
2021-12-26 19:40:04 — Home page opened
2021-12-26 19:40:04 — Home page initialized
2021-12-26 19:40:04 — Home page opened
2021-12-26 19:40:04 — Home page initialized
2021-12-26 19:40:07 — Home page opened
2021-12-26 19:40:08 — Home page opened
2021-12-26 19:40:12 — like button clicked
2021-12-26 19:40:13 — Home page opened
2021-12-26 19:40:19 — price filter was cleared
2021-12-26 19:40:34 — Home page opened
2021-12-26 19:42:15 — Home page opened
2021-12-26 19:42:15 — Home page initialized
2021-12-26 19:42:15 — Home page opened
2021-12-26 19:42:15 — Home page initialized
2021-12-26 19:42:20 — Home page opened
2021-12-26 19:42:20 — Home page opened
2021-12-26 19:42:27 — like button clicked
2021-12-26 19:42:29 — Home page opened
2021-12-26 19:42:35 — price filter was cleared
2021-12-26 19:42:46 — Home page opened
2021-12-26 19:52:57 — Home page opened
2021-12-26 19:52:57 — Home page initialized
2021-12-26 19:52:57 — Home page opened
2021-12-26 19:52:57 — Home page initialized
2021-12-26 19:53:04 — Home page opened
2021-12-26 19:53:05 — Home page opened
2021-12-26 19:53:10 — like button clicked
2021-12-26 19:53:11 — Home page opened
2021-12-26 19:53:17 — price filter was cleared
2021-12-26 19:53:31 — Home page opened
2021-12-26 19:55:40 — Home page opened
2021-12-26 19:55:40 — Home page initialized
2021-12-26 19:55:40 — Home page opened
2021-12-26 19:55:40 — Home page initialized
2021-12-26 19:55:43 — Home page opened
2021-12-26 19:55:44 — Home page opened
2021-12-26 19:55:47 — like button clicked
2021-12-26 19:55:47 — Home page opened
2021-12-26 19:55:48 — Home page opened
2021-12-26 19:55:55 — price filter was cleared
2021-12-26 19:58:42 — Home page opened
2021-12-26 19:58:42 — Home page initialized
2021-12-26 19:58:42 — Home page opened
2021-12-26 19:58:42 — Home page initialized
2021-12-26 19:58:46 — Home page opened
2021-12-26 19:58:47 — Home page opened
2021-12-26 19:58:50 — Feedback panel displayed
2021-12-26 19:58:51 — like button clicked
2021-12-26 19:58:51 — Home page opened
2021-12-26 19:58:53 — Home page opened
2021-12-26 19:58:59 — price filter was cleared
2021-12-26 20:00:48 — Home page opened
2021-12-26 20:00:48 — Home page initialized
2021-12-26 20:00:48 — Home page opened
2021-12-26 20:00:48 — Home page initialized
2021-12-26 20:00:53 — Home page opened
2021-12-26 20:00:53 — Home page opened
2021-12-26 20:00:56 — Feedback panel displayed
2021-12-26 20:00:57 — like button clicked
2021-12-26 20:00:57 — Home page opened
2021-12-26 20:00:59 — Home page opened
2021-12-26 20:01:04 — price filter was cleared
2021-12-26 20:16:45 — Home page opened
2021-12-26 20:16:45 — Home page initialized
2021-12-26 20:16:45 — Home page opened
2021-12-26 20:16:45 — Home page initialized
2021-12-26 20:16:50 — Home page opened
2021-12-26 20:16:50 — Home page opened
2021-12-26 20:16:52 — Feedback panel displayed
2021-12-26 20:16:53 — Home page opened
2021-12-26 20:16:53 — like button clicked
2021-12-26 20:16:54 — Home page opened
2021-12-26 20:16:56 — price filter was cleared
2021-12-26 20:29:20 — Home page opened
2021-12-26 20:29:20 — Home page opened
2021-12-26 20:29:20 — Home page initialized
2021-12-26 20:29:20 — Home page initialized
2021-12-26 20:29:25 — Home page opened
2021-12-26 20:29:25 — Home page opened
2021-12-26 20:29:26 — Feedback panel displayed
2021-12-26 20:29:27 — Home page opened
2021-12-26 20:29:30 — like button clicked
2021-12-26 20:29:31 — Home page opened
2021-12-26 20:29:34 — price filter was cleared
2021-12-26 20:36:46 — Home page opened
2021-12-26 20:36:46 — Home page initialized
2021-12-26 20:36:46 — Home page opened
2021-12-26 20:36:46 — Home page initialized
2021-12-26 20:36:51 — Home page opened
2021-12-26 20:36:51 — Home page opened
2021-12-26 20:36:52 — Feedback panel displayed
2021-12-26 20:36:53 — Home page opened
2021-12-26 20:36:55 — like button clicked
2021-12-26 20:36:56 — Home page opened
2021-12-26 20:36:59 — price filter was cleared
2021-12-26 20:47:01 — Home page opened
2021-12-26 20:47:01 — Home page initialized
2021-12-26 20:47:01 — Home page opened
2021-12-26 20:47:01 — Home page initialized
2021-12-26 20:47:03 — Home page opened
2021-12-26 20:47:04 — Home page opened
2021-12-26 20:47:05 — Feedback panel displayed
2021-12-26 20:47:06 — Home page opened
2021-12-26 20:47:07 — like button clicked
2021-12-26 20:47:08 — Home page opened
2021-12-26 20:47:11 — price filter was cleared
2021-12-26 20:49:46 — Home page opened
2021-12-26 20:49:46 — Home page initialized
2021-12-26 20:49:46 — Home page opened
2021-12-26 20:49:46 — Home page initialized
2021-12-26 20:49:48 — Home page opened
2021-12-26 20:49:48 — Home page opened
2021-12-26 20:49:49 — Feedback panel displayed
2021-12-26 20:49:50 — Home page opened
2021-12-26 20:49:51 — like button clicked
2021-12-26 20:49:55 — Home page opened
2021-12-26 20:53:20 — Home page opened
2021-12-26 20:53:20 — Home page initialized
2021-12-26 20:53:20 — Home page opened
2021-12-26 20:53:20 — Home page initialized
2021-12-26 20:53:22 — Home page opened
2021-12-26 20:53:22 — Home page opened
2021-12-26 20:53:24 — Feedback panel displayed
2021-12-26 20:53:24 — like button clicked
2021-12-26 20:53:25 — Home page opened
2021-12-26 20:53:25 — Home page opened
2021-12-26 20:53:28 — price filter was cleared
2021-12-26 20:53:57 — Home page opened
2021-12-26 20:53:57 — Home page initialized
2021-12-26 20:53:57 — Home page opened
2021-12-26 20:53:57 — Home page initialized
2021-12-26 20:53:59 — Home page opened
2021-12-26 20:54:00 — Home page opened
2021-12-26 20:54:01 — Feedback panel displayed
2021-12-26 20:54:02 — Home page opened
2021-12-26 20:54:03 — like button clicked
2021-12-26 20:54:04 — Home page opened
2021-12-26 20:58:03 — Home page opened
2021-12-26 20:58:03 — Home page opened
2021-12-26 20:58:03 — Home page initialized
2021-12-26 20:58:03 — Home page initialized
2021-12-26 20:58:06 — Home page opened
2021-12-26 20:58:06 — Home page opened
2021-12-26 20:58:07 — Feedback panel displayed
2021-12-26 20:58:08 — Home page opened
2021-12-26 20:58:09 — like button clicked
2021-12-26 20:58:10 — Home page opened
2021-12-26 20:58:13 — price filter was cleared
2021-12-26 20:58:42 — Home page opened
2021-12-26 20:58:42 — Home page initialized
2021-12-26 20:58:44 — Home page opened
2021-12-26 20:58:45 — Feedback panel displayed
2021-12-26 20:58:46 — Home page opened
2021-12-26 21:01:13 — Home page opened
2021-12-26 21:01:13 — Home page initialized
2021-12-26 21:01:16 — Home page opened
2021-12-26 21:01:17 — Feedback panel displayed
2021-12-26 21:01:17 — Home page opened
2021-12-26 21:01:54 — Home page opened
2021-12-26 21:01:54 — Home page initialized
2021-12-26 21:01:56 — Home page opened
2021-12-26 21:01:57 — Feedback panel displayed
2021-12-26 21:01:58 — Home page opened
2021-12-26 21:02:06 — Home page opened
2021-12-26 21:02:06 — Home page initialized
2021-12-26 21:02:07 — Home page opened
2021-12-26 21:02:09 — Feedback panel displayed
2021-12-26 21:02:09 — Home page opened
2021-12-26 21:05:35 — Home page opened
2021-12-26 21:05:35 — Home page initialized
2021-12-26 21:05:37 — Home page opened
2021-12-26 21:05:38 — Feedback panel displayed
2021-12-26 21:05:39 — Home page opened
2021-12-26 21:06:07 — Home page opened
2021-12-26 21:06:07 — Home page initialized
2021-12-26 21:06:09 — Home page opened
2021-12-26 21:06:11 — Feedback panel displayed
2021-12-26 21:06:12 — Home page opened
2021-12-26 21:07:01 — Home page opened
2021-12-26 21:07:01 — Home page initialized
2021-12-26 21:07:02 — Home page opened
2021-12-26 21:07:04 — Feedback panel displayed
2021-12-26 21:07:04 — Home page opened
2021-12-26 21:09:29 — Home page opened
2021-12-26 21:09:29 — Home page initialized
2021-12-26 21:09:31 — Home page opened
2021-12-26 21:09:32 — Feedback panel displayed
2021-12-26 21:09:33 — Home page opened
2021-12-26 21:16:42 — Home page opened
2021-12-26 21:16:42 — Home page initialized
2021-12-26 21:16:45 — Home page opened
2021-12-26 21:16:47 — Feedback panel displayed
2021-12-26 21:16:47 — Home page opened
2021-12-26 21:17:15 — Home page opened
2021-12-26 21:17:15 — Home page initialized
2021-12-26 21:17:16 — Home page opened
2021-12-26 21:17:17 — Feedback panel displayed
2021-12-26 21:17:18 — Home page opened
2021-12-26 21:17:38 — Home page opened
2021-12-26 21:17:38 — Home page initialized
2021-12-26 21:17:40 — Home page opened
2021-12-26 21:17:41 — Feedback panel displayed
2021-12-26 21:17:42 — Home page opened
2021-12-26 21:20:00 — Home page opened
2021-12-26 21:20:00 — Home page initialized
2021-12-26 21:20:02 — Home page opened
2021-12-26 21:20:05 — Feedback panel displayed
2021-12-26 21:20:05 — Home page opened
2021-12-26 21:20:18 — Home page opened
2021-12-26 21:20:18 — Home page initialized
2021-12-26 21:20:21 — Home page opened
2021-12-26 21:20:22 — Feedback panel displayed
2021-12-26 21:20:23 — Home page opened
2021-12-26 21:21:04 — Home page opened
2021-12-26 21:21:04 — Home page initialized
2021-12-26 21:21:07 — Home page opened
2021-12-26 21:21:08 — Feedback panel displayed
2021-12-26 21:21:09 — Home page opened
2021-12-26 21:21:12 — Blog page opened
2021-12-26 21:21:12 — open
2021-12-26 21:21:12 — Blog page initialized
2021-12-26 21:21:20 — Home page opened
2021-12-26 21:21:20 — Home page initialized
2021-12-26 21:21:22 — Home page opened
2021-12-26 21:21:23 — Feedback panel displayed
2021-12-26 21:21:24 — Home page opened
2021-12-26 21:21:41 — Home page opened
2021-12-26 21:21:41 — Home page initialized
2021-12-26 21:21:43 — Home page opened
2021-12-26 21:21:44 — Feedback panel displayed
2021-12-26 21:21:44 — Home page opened
2021-12-26 21:21:47 — Blog page opened
2021-12-26 21:21:47 — open
2021-12-26 21:21:47 — Blog page initialized
2021-12-26 21:21:53 — Home page opened
2021-12-26 21:21:53 — Home page initialized
2021-12-26 21:21:54 — Home page opened
2021-12-26 21:21:56 — Feedback panel displayed
2021-12-26 21:21:57 — Home page opened
2021-12-26 21:21:59 — Blog page opened
2021-12-26 21:21:59 — open
2021-12-26 21:21:59 — Blog page initialized
2021-12-26 21:22:05 — Home page opened
2021-12-26 21:22:05 — Home page initialized
2021-12-26 21:22:07 — Home page opened
2021-12-26 21:22:09 — Feedback panel displayed
2021-12-26 21:22:10 — Home page opened
2021-12-26 21:22:12 — Blog page opened
2021-12-26 21:22:12 — open
2021-12-26 21:22:12 — Blog page initialized
2021-12-26 21:22:19 — Home page opened
2021-12-26 21:22:19 — Home page initialized
2021-12-26 21:22:22 — Home page opened
2021-12-26 21:22:24 — Feedback panel displayed
2021-12-26 21:22:25 — Home page opened
2021-12-26 21:25:36 — Home page opened
2021-12-26 21:25:36 — Home page initialized
2021-12-26 21:25:37 — Home page opened
2021-12-26 21:25:39 — Feedback panel displayed
2021-12-26 21:25:40 — Home page opened
2021-12-26 21:26:29 — Home page opened
2021-12-26 21:26:29 — Home page initialized
2021-12-26 21:26:31 — Home page opened
2021-12-26 21:26:33 — Feedback panel displayed
2021-12-26 21:26:33 — Home page opened
2021-12-26 21:27:44 — Home page opened
2021-12-26 21:27:44 — Home page initialized
2021-12-26 21:27:46 — Home page opened
2021-12-26 21:27:47 — Feedback panel displayed
2021-12-26 21:27:48 — Home page opened
2021-12-26 21:30:16 — Home page opened
2021-12-26 21:30:16 — Home page initialized
2021-12-26 21:30:18 — Home page opened
2021-12-26 21:30:19 — Feedback panel displayed
2021-12-26 21:30:20 — Home page opened
2021-12-26 21:33:06 — Home page opened
2021-12-26 21:33:06 — Home page initialized
2021-12-26 21:33:09 — Home page opened
2021-12-26 21:33:10 — Feedback panel displayed
2021-12-26 21:33:11 — Home page opened
2021-12-26 21:33:41 — Home page opened
2021-12-26 21:33:41 — Home page initialized
2021-12-26 21:33:55 — Home page opened
2021-12-26 21:33:56 — Feedback panel displayed
2021-12-26 21:33:57 — Home page opened
2021-12-26 21:34:51 — Home page opened
2021-12-26 21:34:51 — Home page initialized
2021-12-26 21:34:53 — Home page opened
2021-12-26 21:34:54 — Feedback panel displayed
2021-12-26 21:34:55 — Home page opened
2021-12-26 21:35:19 — Home page opened
2021-12-26 21:35:19 — Home page initialized
2021-12-26 21:35:22 — Home page opened
2021-12-26 21:35:23 — Feedback panel displayed
2021-12-26 21:35:24 — Home page opened
2021-12-26 21:39:36 — Home page opened
2021-12-26 21:39:36 — Home page initialized
2021-12-26 21:39:38 — Home page opened
2021-12-26 21:39:40 — Feedback panel displayed
2021-12-26 21:39:41 — Home page opened
2021-12-26 21:43:45 — Home page opened
2021-12-26 21:43:45 — Home page initialized
2021-12-26 21:43:47 — Home page opened
2021-12-26 21:43:48 — Feedback panel displayed
2021-12-26 21:43:49 — Home page opened
2021-12-26 21:51:18 — Home page opened
2021-12-26 21:51:18 — Home page initialized
2021-12-26 21:51:20 — Home page opened
2021-12-26 21:51:21 — Feedback panel displayed
2021-12-26 21:51:22 — Home page opened
2021-12-26 21:54:50 — Home page opened
2021-12-26 21:54:50 — Home page initialized
2021-12-26 21:54:52 — Home page opened
2021-12-26 21:54:53 — Feedback panel displayed
2021-12-26 21:54:54 — Home page opened
2021-12-26 21:56:42 — Home page opened
2021-12-26 21:56:42 — Home page initialized
2021-12-26 21:56:45 — Home page opened
2021-12-26 21:56:46 — Feedback panel displayed
2021-12-26 21:56:47 — Home page opened
2021-12-26 21:57:04 — Home page opened
2021-12-26 21:57:04 — Home page initialized
2021-12-26 21:57:06 — Home page opened
2021-12-26 21:57:08 — Feedback panel displayed
2021-12-26 21:57:09 — Home page opened
2021-12-26 22:04:00 — Home page opened
2021-12-26 22:04:00 — Home page initialized
2021-12-26 22:04:02 — Home page opened
2021-12-26 22:04:04 — Feedback panel displayed
2021-12-26 22:04:04 — Home page opened
2021-12-26 22:05:21 — Home page opened
2021-12-26 22:05:21 — Home page initialized
2021-12-26 22:05:23 — Home page opened
2021-12-26 22:05:24 — Feedback panel displayed
2021-12-26 22:05:25 — Home page opened
2021-12-26 22:07:21 — Home page opened
2021-12-26 22:07:21 — Home page initialized
2021-12-26 22:07:23 — Home page opened
2021-12-26 22:07:24 — Feedback panel displayed
2021-12-26 22:07:25 — Home page opened
2021-12-26 22:18:37 — Home page opened
2021-12-26 22:18:37 — Home page initialized
2021-12-26 22:18:41 — Home page opened
2021-12-26 22:18:42 — Feedback panel displayed
2021-12-26 22:18:43 — Home page opened
2021-12-26 22:19:31 — Home page opened
2021-12-26 22:19:31 — Home page initialized
2021-12-26 22:19:33 — Home page opened
2021-12-26 22:19:35 — Feedback panel displayed
2021-12-26 22:19:35 — Home page opened
2021-12-26 22:22:49 — Home page opened
2021-12-26 22:22:49 — Home page initialized
2021-12-26 22:22:51 — Home page opened
2021-12-26 22:22:52 — Feedback panel displayed
2021-12-26 22:22:53 — Home page opened
2021-12-26 22:24:10 — Home page opened
2021-12-26 22:24:10 — Home page initialized
2021-12-26 22:24:12 — Home page opened
2021-12-26 22:24:14 — Feedback panel displayed
2021-12-26 22:24:14 — Home page opened
2021-12-26 22:25:15 — Home page opened
2021-12-26 22:25:15 — Home page initialized
2021-12-26 22:25:17 — Home page opened
2021-12-26 22:25:18 — Feedback panel displayed
2021-12-26 22:25:19 — Home page opened
2021-12-26 22:36:12 — Home page opened
2021-12-26 22:36:12 — Home page initialized
2021-12-26 22:36:14 — Home page opened
2021-12-26 22:36:15 — Feedback panel displayed
2021-12-26 22:36:16 — Home page opened
2021-12-26 22:37:57 — Home page opened
2021-12-26 22:37:57 — Home page initialized
2021-12-26 22:37:59 — Home page opened
2021-12-26 22:38:00 — Feedback panel displayed
2021-12-26 22:38:01 — Home page opened
2021-12-26 22:41:44 — Home page opened
2021-12-26 22:41:44 — Home page initialized
2021-12-26 22:41:46 — Home page opened
2021-12-26 22:41:47 — Feedback panel displayed
2021-12-27 00:05:01 — Home page opened
2021-12-27 00:05:01 — Home page initialized
2021-12-27 00:05:01 — Home page opened
2021-12-27 00:05:01 — Home page initialized
2021-12-27 00:05:04 — Home page opened
2021-12-27 00:05:04 — Home page opened
2021-12-27 00:05:06 — Feedback panel displayed
2021-12-27 00:05:06 — like button clicked
2021-12-27 00:05:07 — Home page opened
2021-12-27 00:05:10 — price filter was cleared
2021-12-27 00:06:53 — Home page opened
2021-12-27 00:06:53 — Home page initialized
2021-12-27 00:06:53 — Home page opened
2021-12-27 00:06:53 — Home page initialized
2021-12-27 00:06:55 — Home page opened
2021-12-27 00:06:56 — Home page opened
2021-12-27 00:06:57 — Feedback panel displayed
2021-12-27 00:06:58 — like button clicked
2021-12-27 00:06:59 — Home page opened
2021-12-27 00:07:01 — price filter was cleared
2021-12-27 00:15:02 — Home page opened
2021-12-27 00:15:02 — Home page opened
2021-12-27 00:15:02 — Home page initialized
2021-12-27 00:15:02 — Home page initialized
2021-12-27 00:15:03 — Home page opened
2021-12-27 00:15:05 — Home page opened
2021-12-27 00:15:06 — like button clicked
2021-12-27 00:15:06 — Feedback panel displayed
2021-12-27 00:15:07 — Home page opened
2021-12-27 00:15:10 — price filter was cleared
2021-12-27 00:27:13 — Home page opened
2021-12-27 00:27:13 — Home page opened
2021-12-27 00:27:13 — Home page initialized
2021-12-27 00:27:13 — Home page initialized
2021-12-27 00:27:18 — Home page opened
2021-12-27 00:27:18 — Home page opened
2021-12-27 00:27:19 — Feedback panel displayed
2021-12-27 00:27:20 — like button clicked
2021-12-27 00:27:21 — Home page opened
2021-12-27 00:27:24 — price filter was cleared
2021-12-27 00:28:15 — Home page opened
2021-12-27 00:28:15 — Home page initialized
2021-12-27 00:28:15 — Home page opened
2021-12-27 00:28:15 — Home page initialized
2021-12-27 00:28:17 — Home page opened
2021-12-27 00:28:18 — Home page opened
2021-12-27 00:28:19 — Feedback panel displayed
2021-12-27 00:28:20 — like button clicked
2021-12-27 00:28:21 — Home page opened
2021-12-27 00:28:24 — price filter was cleared
2021-12-27 00:29:16 — Home page opened
2021-12-27 00:29:16 — Home page opened
2021-12-27 00:29:16 — Home page initialized
2021-12-27 00:29:16 — Home page initialized
2021-12-27 00:29:18 — Home page opened
2021-12-27 00:29:19 — Home page opened
2021-12-27 00:29:20 — Feedback panel displayed
2021-12-27 00:29:21 — like button clicked
2021-12-27 00:29:22 — Home page opened
2021-12-27 00:29:25 — price filter was cleared
2021-12-27 00:31:04 — Home page opened
2021-12-27 00:31:04 — Home page initialized
2021-12-27 00:31:04 — Home page opened
2021-12-27 00:31:04 — Home page initialized
2021-12-27 00:31:06 — Home page opened
2021-12-27 00:31:06 — Home page opened
2021-12-27 00:31:07 — Feedback panel displayed
2021-12-27 00:31:08 — like button clicked
2021-12-27 00:31:09 — Home page opened
2021-12-27 00:31:12 — price filter was cleared
2021-12-27 00:32:07 — Home page opened
2021-12-27 00:32:07 — Home page initialized
2021-12-27 00:32:07 — Home page opened
2021-12-27 00:32:07 — Home page initialized
2021-12-27 00:32:09 — Home page opened
2021-12-27 00:32:09 — Home page opened
2021-12-27 00:32:11 — Feedback panel displayed
2021-12-27 00:32:12 — like button clicked
2021-12-27 00:32:13 — Home page opened
2021-12-27 00:32:15 — price filter was cleared
2021-12-27 00:40:59 — Home page opened
2021-12-27 00:40:59 — Home page initialized
2021-12-27 00:41:01 — Home page opened
2021-12-27 00:41:02 — Feedback panel displayed
2021-12-27 01:14:53 — Home page opened
2021-12-27 01:14:53 — Home page initialized
2021-12-27 01:14:57 — Home page opened
2021-12-27 01:14:58 — Feedback panel displayed
2021-12-27 01:17:05 — Home page opened
2021-12-27 01:17:05 — Home page initialized
2021-12-27 01:17:07 — Home page opened
2021-12-27 01:17:08 — Feedback panel displayed
2021-12-27 01:24:40 — Home page opened
2021-12-27 01:24:40 — Home page initialized
2021-12-27 01:24:45 — Home page opened
2021-12-27 01:24:47 — Feedback panel displayed
2021-12-27 01:26:52 — Home page opened
2021-12-27 01:26:52 — Home page initialized
2021-12-27 01:26:55 — Home page opened
2021-12-27 01:26:57 — Feedback panel displayed
2021-12-27 01:37:54 — Home page opened
2021-12-27 01:37:54 — Home page initialized
2021-12-27 01:37:59 — Home page opened
2021-12-27 01:38:01 — Feedback panel displayed
2021-12-27 01:43:46 — Home page opened
2021-12-27 01:43:46 — Home page initialized
2021-12-27 01:43:49 — Home page opened
2021-12-27 01:43:51 — Feedback panel displayed
2021-12-27 01:48:04 — Home page opened
2021-12-27 01:48:04 — Home page initialized
2021-12-27 01:48:05 — Sanatories page opened
2021-12-27 01:48:05 — Sanatories page initialized
2021-12-27 01:48:05 — Sanatories page opened
2021-12-27 01:48:08 — Home page opened
2021-12-27 01:48:09 — like button clicked
2021-12-27 01:48:10 — Feedback panel displayed
2021-12-27 01:55:32 — Home page opened
2021-12-27 01:55:32 — Home page initialized
2021-12-27 01:55:32 — Sanatories page opened
2021-12-27 01:55:32 — Sanatories page initialized
2021-12-27 01:55:37 — Home page opened
2021-12-27 01:55:37 — Sanatories page opened
2021-12-27 01:55:39 — Map showing
2021-12-27 01:55:39 — Feedback panel displayed
2021-12-27 02:55:23 — Home page opened
2021-12-27 02:55:23 — Home page initialized
2021-12-27 02:55:23 — Sanatories page opened
2021-12-27 02:55:23 — Sanatories page initialized
2021-12-27 02:55:31 — Home page opened
2021-12-27 02:55:31 — Sanatories page opened
2021-12-27 02:55:32 — Map showing
2021-12-27 02:55:32 — Feedback panel displayed
2021-12-27 02:55:33 — Sanatories page opened
2021-12-27 02:57:42 — Home page opened
2021-12-27 02:57:42 — Home page initialized
2021-12-27 02:57:42 — Sanatories page opened
2021-12-27 02:57:42 — Sanatories page initialized
2021-12-27 02:57:46 — Home page opened
2021-12-27 02:57:47 — Sanatories page opened
2021-12-27 02:57:48 — Feedback panel displayed
2021-12-27 02:57:49 — Map showing
2021-12-27 02:57:49 — Sanatories page opened
2021-12-27 03:05:29 — Home page opened
2021-12-27 03:05:29 — Home page initialized
2021-12-27 03:05:30 — Sanatories page opened
2021-12-27 03:05:30 — Sanatories page initialized
2021-12-27 03:05:32 — Home page opened
2021-12-27 03:05:32 — Sanatories page opened
2021-12-27 03:05:34 — Feedback panel displayed
2021-12-27 03:05:34 — Map showing
2021-12-27 03:05:34 — Sanatories page opened
2021-12-27 03:06:14 — Home page opened
2021-12-27 03:06:14 — Home page initialized
2021-12-27 03:06:14 — Sanatories page opened
2021-12-27 03:06:14 — Sanatories page initialized
2021-12-27 03:06:16 — Home page opened
2021-12-27 03:06:17 — Sanatories page opened
2021-12-27 03:06:18 — Map showing
2021-12-27 03:06:18 — Feedback panel displayed
2021-12-27 03:06:18 — Sanatories page opened
2021-12-27 03:06:20 — Type was intered
2021-12-27 03:10:10 — Home page opened
2021-12-27 03:10:10 — Home page initialized
2021-12-27 03:10:10 — Sanatories page opened
2021-12-27 03:10:10 — Sanatories page initialized
2021-12-27 03:10:13 — Sanatories page opened
2021-12-27 03:10:13 — Home page opened
2021-12-27 03:10:14 — Map showing
2021-12-27 03:10:15 — Sanatories page opened
2021-12-27 03:10:15 — Feedback panel displayed
2021-12-27 03:11:32 — Home page opened
2021-12-27 03:11:32 — Home page initialized
2021-12-27 03:11:32 — Sanatories page opened
2021-12-27 03:11:32 — Sanatories page initialized
2021-12-27 03:11:35 — Home page opened
2021-12-27 03:11:35 — Sanatories page opened
2021-12-27 03:11:36 — Map showing
2021-12-27 03:11:37 — Feedback panel displayed
2021-12-27 03:11:37 — Sanatories page opened
2021-12-27 03:12:46 — Sanatories page opened
2021-12-27 03:12:46 — Sanatories page initialized
2021-12-27 03:12:46 — Home page opened
2021-12-27 03:12:46 — Home page initialized
2021-12-27 03:12:49 — Sanatories page opened
2021-12-27 03:12:49 — Home page opened
2021-12-27 03:12:50 — Map showing
2021-12-27 03:12:50 — Sanatories page opened
2021-12-27 03:12:51 — Feedback panel displayed
2021-12-27 05:52:05 — Home page opened
2021-12-27 05:52:05 — Home page initialized
2021-12-27 05:52:30 — Home page opened
2021-12-27 05:53:44 — Home page opened
2021-12-27 05:53:44 — Home page initialized
2021-12-27 05:53:44 — Sanatories page opened
2021-12-27 05:53:44 — Sanatories page initialized
2021-12-27 05:54:09 — Home page opened
2021-12-27 05:54:09 — Sanatories page opened
2021-12-27 05:56:53 — Home page opened
2021-12-27 05:56:53 — Home page initialized
2021-12-27 05:56:53 — Sanatories page opened
2021-12-27 05:56:53 — Sanatories page initialized
2021-12-27 05:57:18 — Home page opened
2021-12-27 05:57:18 — Sanatories page opened
2021-12-27 05:58:47 — Sanatories page opened
2021-12-27 05:58:47 — Sanatories page initialized
2021-12-27 05:58:47 — Home page opened
2021-12-27 05:58:47 — Home page initialized
2021-12-27 05:59:12 — Sanatories page opened
2021-12-27 05:59:12 — Home page opened
2021-12-27 06:00:52 — Home page opened
2021-12-27 06:00:52 — Sanatories page opened
2021-12-27 06:00:52 — Sanatories page initialized
2021-12-27 06:00:52 — Home page initialized
2021-12-27 06:00:55 — Sanatories page opened
2021-12-27 06:00:56 — Home page opened
2021-12-27 06:00:56 — Map showing
2021-12-27 06:00:57 — Feedback panel displayed
